#
# A fatal error has been detected by the Java Runtime Environment:
#
#  SIGSEGV (0xb) at pc=0x00007f65c3eb2a42, pid=23299, tid=140073752487680
#
# JRE version: 6.0_31-b04
# Java VM: Java HotSpot(TM) 64-Bit Server VM (20.6-b01 mixed mode linux-amd64 compressed oops)
# Problematic frame:
# V  [libjvm.so+0x3dca42]  constantPoolOopDesc::klass_at_impl(constantPoolHandle, int, Thread*)+0x42
#
# If you would like to submit a bug report, please visit:
#   http://java.sun.com/webapps/bugreport/crash.jsp
#

---------------  T H R E A D  ---------------

Current thread (0x00007f6548006800):  JavaThread "Code server for app from Mozilla/5.0 (X11; Linux x86_64) AppleWebKit/536.5 (KHTML, like Gecko) Chrome/19.0.1084.56 Safari/536.5 on http://127.0.0.1:8888/App.html?gwt.codesvr=127.0.0.1:9997#ee @ A*+kv-D%l?/8^:y^" daemon [_thread_in_vm, id=23633, stack(0x00007f6576326000,0x00007f6576427000)]

siginfo:si_signo=SIGSEGV: si_errno=0, si_code=1 (SEGV_MAPERR), si_addr=0x0000000000000008

Registers:
RAX=0x00007f656832f860, RBX=0x0000000000000000, RCX=0xfffffffffffffff7, RDX=0x00007f65c455b530
RSP=0x00007f65764232e0, RBP=0x00007f6576423720, RSI=0x00007f65c4577f00, RDI=0x00007f656832f860
R8 =0x0000000000007f65, R9 =0x0000000000007f65, R10=0x0000000000007f65, R11=0x00007f656832f858
R12=0x0000000000000000, R13=0x00007f656832f860, R14=0x00007f6548006800, R15=0x0000000000000000
RIP=0x00007f65c3eb2a42, EFLAGS=0x0000000000010202, CSGSFS=0x0000000000000033, ERR=0x0000000000000004
  TRAPNO=0x000000000000000e

Top of Stack: (sp=0x00007f65764232e0)
0x00007f65764232e0:   0000000000000000 0000000000000000
0x00007f65764232f0:   0000000000000008 0000000000000000
0x00007f6576423300:   0000000000000000 0000000000000000
0x00007f6576423310:   0000000000000000 0000000000000000
0x00007f6576423320:   0000000000000000 0000000000000000
0x00007f6576423330:   0000000000000018 0000000000000000
0x00007f6576423340:   0000000000000000 0000000000000000
0x00007f6576423350:   0000000000000000 0000000000000000
0x00007f6576423360:   0000000000000000 0000000000000008
0x00007f6576423370:   0000000000000000 000000000000003a
0x00007f6576423380:   0000000000000000 0000000000000000
0x00007f6576423390:   0000000000000000 0000000000000000
0x00007f65764233a0:   0000000000000000 0000000000000000
0x00007f65764233b0:   0000000000000000 000000000000004a
0x00007f65764233c0:   000000000000004c 00000000df1df6c8
0x00007f65764233d0:   0000000000000001 0000000000000003
0x00007f65764233e0:   00000000deb4fe38 0000000000000007
0x00007f65764233f0:   0000000000000008 0000000000000008
0x00007f6576423400:   0000000000000011 0000000000000013
0x00007f6576423410:   0000000000000000 0000000000000017
0x00007f6576423420:   0000000000000019 0000000000000008
0x00007f6576423430:   000000000000001d 000000000000001f
0x00007f6576423440:   0000000000000031 0000000000000033
0x00007f6576423450:   0000000000000035 0000000000000037
0x00007f6576423460:   0000000000000039 000000000000003b
0x00007f6576423470:   000000000000003d 000000000000003f
0x00007f6576423480:   0000000000000041 0000000000000008
0x00007f6576423490:   0000000000000045 0000000000000000
0x00007f65764234a0:   0000000000000049 000000000000004b
0x00007f65764234b0:   0000000000000008 000000000000004f
0x00007f65764234c0:   00007f65764234cc 00007f65c42521ea
0x00007f65764234d0:   00007f6576423530 00007f6500000000 

Instructions: (pc=0x00007f65c3eb2a42)
0x00007f65c3eb2a22:   17 48 83 c2 40 4a 8b 1c e2 48 8b 15 ce e8 7e 00
0x00007f65c3eb2a32:   80 3a 00 0f 84 35 0e 00 00 48 8b 35 9e cc 7e 00
0x00007f65c3eb2a42:   8b 53 08 8b 4e 08 48 d3 e2 48 03 16 48 8b 42 10
0x00007f65c3eb2a52:   48 8d 7a 10 ff 90 10 01 00 00 48 89 da 84 c0 74 

Register to memory mapping:

RAX=0x00007f656832f860 is an unknown value
RBX=0x0000000000000000 is an unknown value
RCX=0xfffffffffffffff7 is an unknown value
RDX=0x00007f65c455b530: <offset 0xa85530> in /usr/java/jdk1.6.0_31/jre/lib/amd64/server/libjvm.so at 0x00007f65c3ad6000
RSP=0x00007f65764232e0 is pointing into the stack for thread: 0x00007f6548006800
RBP=0x00007f6576423720 is pointing into the stack for thread: 0x00007f6548006800
RSI=0x00007f65c4577f00: <offset 0xaa1f00> in /usr/java/jdk1.6.0_31/jre/lib/amd64/server/libjvm.so at 0x00007f65c3ad6000
RDI=0x00007f656832f860 is an unknown value
R8 =0x0000000000007f65 is an unknown value
R9 =0x0000000000007f65 is an unknown value
R10=0x0000000000007f65 is an unknown value
R11=0x00007f656832f858 is an unknown value
R12=0x0000000000000000 is an unknown value
R13=0x00007f656832f860 is an unknown value
R14=0x00007f6548006800 is a thread
R15=0x0000000000000000 is an unknown value


Stack: [0x00007f6576326000,0x00007f6576427000],  sp=0x00007f65764232e0,  free space=1012k
Native frames: (J=compiled Java code, j=interpreted, Vv=VM code, C=native code)
V  [libjvm.so+0x3dca42]  constantPoolOopDesc::klass_at_impl(constantPoolHandle, int, Thread*)+0x42
V  [libjvm.so+0x3de32e]  constantPoolOopDesc::klass_ref_at(int, Thread*)+0x4e
V  [libjvm.so+0x65118b]  LinkResolver::resolve_klass(KlassHandle&, constantPoolHandle, int, Thread*)+0x2b
V  [libjvm.so+0x655785]  LinkResolver::resolve_pool(KlassHandle&, symbolHandle&, symbolHandle&, KlassHandle&, constantPoolHandle, int, Thread*)+0x35
V  [libjvm.so+0x655a25]  LinkResolver::resolve_invokespecial(CallInfo&, constantPoolHandle, int, Thread*)+0x55
V  [libjvm.so+0x65572d]  LinkResolver::resolve_invoke(CallInfo&, Handle, constantPoolHandle, int, Bytecodes::Code, Thread*)+0x5d
V  [libjvm.so+0x4d79a2]  InterpreterRuntime::resolve_invoke(JavaThread*, Bytecodes::Code)+0x202
j  java.lang.NoClassDefFoundError.<init>(Ljava/lang/String;)V+2
v  ~StubRoutines::call_stub
V  [libjvm.so+0x4df470]  JavaCalls::call_helper(JavaValue*, methodHandle*, JavaCallArguments*, Thread*)+0x1e0
V  [libjvm.so+0x70f729]  os::os_exception_wrapper(void (*)(JavaValue*, methodHandle*, JavaCallArguments*, Thread*), JavaValue*, methodHandle*, JavaCallArguments*, Thread*)+0x19
V  [libjvm.so+0x4defc6]  JavaCalls::call_special(JavaValue*, KlassHandle, symbolHandle, symbolHandle, JavaCallArguments*, Thread*)+0x86
V  [libjvm.so+0x435fe0]  Exceptions::new_exception(Thread*, symbolHandle, symbolHandle, JavaCallArguments*, Handle, Handle, Handle)+0x260
V  [libjvm.so+0x4361a4]  Exceptions::new_exception(Thread*, symbolHandle, char const*, Handle, Handle, Handle, Exceptions::ExceptionMsgToUtf8Mode)+0x1b4
V  [libjvm.so+0x43585e]  Exceptions::_throw_msg(Thread*, char const*, int, symbolHandle, char const*, Handle, Handle)+0x6e
V  [libjvm.so+0x43598d]  Exceptions::_throw_msg(Thread*, char const*, int, symbolOopDesc*, char const*)+0x7d
V  [libjvm.so+0x4ad2b6]  instanceKlass::initialize_impl(instanceKlassHandle, Thread*)+0x1a6
V  [libjvm.so+0x4ac7ca]  instanceKlass::initialize(Thread*)+0x6a
V  [libjvm.so+0x4d3cac]  InterpreterRuntime::_new(JavaThread*, constantPoolOopDesc*, int)+0xbc
j  com.allen_sauer.gwt.log.client.impl.LogImplBase.log(ILjava/lang/String;Ljava/lang/String;Ljava/lang/Throwable;)V+0
j  com.allen_sauer.gwt.log.client.impl.LogImplBase.fatal(Ljava/lang/String;Ljava/lang/String;Ljava/lang/Throwable;)V+13
j  com.allen_sauer.gwt.log.client.Log.fatal(Ljava/lang/String;Ljava/lang/Throwable;)V+7
j  com.allen_sauer.gwt.log.client.Log.fatal(Ljava/lang/String;)V+2
v  ~StubRoutines::call_stub
V  [libjvm.so+0x4df470]  JavaCalls::call_helper(JavaValue*, methodHandle*, JavaCallArguments*, Thread*)+0x1e0
V  [libjvm.so+0x70f729]  os::os_exception_wrapper(void (*)(JavaValue*, methodHandle*, JavaCallArguments*, Thread*), JavaValue*, methodHandle*, JavaCallArguments*, Thread*)+0x19
V  [libjvm.so+0x4df285]  JavaCalls::call(JavaValue*, methodHandle, JavaCallArguments*, Thread*)+0x25
V  [libjvm.so+0x76d569]  Reflection::invoke(instanceKlassHandle, methodHandle, Handle, bool, objArrayHandle, BasicType, objArrayHandle, bool, Thread*)+0x519
V  [libjvm.so+0x77177f]  Reflection::invoke_method(oopDesc*, Handle, objArrayHandle, Thread*)+0x11f
V  [libjvm.so+0x56d60e]  JVM_InvokeMethod+0x21e
C  [libjava.so+0x19695]  Java_sun_reflect_NativeMethodAccessorImpl_invoke0+0x15
j  sun.reflect.NativeMethodAccessorImpl.invoke(Ljava/lang/Object;[Ljava/lang/Object;)Ljava/lang/Object;+87

Java frames: (J=compiled Java code, j=interpreted, Vv=VM code)
j  java.lang.NoClassDefFoundError.<init>(Ljava/lang/String;)V+2
v  ~StubRoutines::call_stub
j  com.allen_sauer.gwt.log.client.impl.LogImplBase.log(ILjava/lang/String;Ljava/lang/String;Ljava/lang/Throwable;)V+0
j  com.allen_sauer.gwt.log.client.impl.LogImplBase.fatal(Ljava/lang/String;Ljava/lang/String;Ljava/lang/Throwable;)V+13
j  com.allen_sauer.gwt.log.client.Log.fatal(Ljava/lang/String;Ljava/lang/Throwable;)V+7
j  com.allen_sauer.gwt.log.client.Log.fatal(Ljava/lang/String;)V+2
v  ~StubRoutines::call_stub
j  sun.reflect.NativeMethodAccessorImpl.invoke0(Ljava/lang/reflect/Method;Ljava/lang/Object;[Ljava/lang/Object;)Ljava/lang/Object;+0
j  sun.reflect.NativeMethodAccessorImpl.invoke(Ljava/lang/Object;[Ljava/lang/Object;)Ljava/lang/Object;+87
J  java.lang.reflect.Method.invoke(Ljava/lang/Object;[Ljava/lang/Object;)Ljava/lang/Object;
J  com.google.gwt.dev.shell.MethodDispatch.invoke(Lcom/google/gwt/dev/shell/JsValue;[Lcom/google/gwt/dev/shell/JsValue;Lcom/google/gwt/dev/shell/JsValue;)Z
J  com.google.gwt.dev.shell.OophmSessionHandler.invoke(Lcom/google/gwt/dev/shell/BrowserChannelServer;Lcom/google/gwt/dev/shell/BrowserChannel$Value;I[Lcom/google/gwt/dev/shell/BrowserChannel$Value;)Lcom/google/gwt/dev/shell/BrowserChannel$SessionHandler$ExceptionOrReturnValue;
J  com.google.gwt.dev.shell.BrowserChannelServer.invokeJavascript(Lcom/google/gwt/dev/shell/CompilingClassLoader;Lcom/google/gwt/dev/shell/JsValueOOPHM;Ljava/lang/String;[Lcom/google/gwt/dev/shell/JsValueOOPHM;Lcom/google/gwt/dev/shell/JsValueOOPHM;)V
J  com.google.gwt.dev.shell.ModuleSpaceOOPHM.doInvoke(Ljava/lang/String;Ljava/lang/Object;[Ljava/lang/Class;[Ljava/lang/Object;)Lcom/google/gwt/dev/shell/JsValue;
J  com.google.gwt.dev.shell.ModuleSpace.invokeNative(Ljava/lang/String;Ljava/lang/Object;[Ljava/lang/Class;[Ljava/lang/Object;)Lcom/google/gwt/dev/shell/JsValue;
j  com.google.gwt.dev.shell.ModuleSpace.invokeNativeBoolean(Ljava/lang/String;Ljava/lang/Object;[Ljava/lang/Class;[Ljava/lang/Object;)Z+6
j  com.google.gwt.dev.shell.JavaScriptHost.invokeNativeBoolean(Ljava/lang/String;Ljava/lang/Object;[Ljava/lang/Class;[Ljava/lang/Object;)Z+7
j  com.allen_sauer.gwt.log.client.impl.LogImplBase.handleOnError(Ljava/lang/String;Ljava/lang/String;I)Z+42
v  ~StubRoutines::call_stub
j  sun.reflect.NativeMethodAccessorImpl.invoke0(Ljava/lang/reflect/Method;Ljava/lang/Object;[Ljava/lang/Object;)Ljava/lang/Object;+0
j  sun.reflect.NativeMethodAccessorImpl.invoke(Ljava/lang/Object;[Ljava/lang/Object;)Ljava/lang/Object;+87
J  java.lang.reflect.Method.invoke(Ljava/lang/Object;[Ljava/lang/Object;)Ljava/lang/Object;
J  com.google.gwt.dev.shell.MethodDispatch.invoke(Lcom/google/gwt/dev/shell/JsValue;[Lcom/google/gwt/dev/shell/JsValue;Lcom/google/gwt/dev/shell/JsValue;)Z
J  com.google.gwt.dev.shell.OophmSessionHandler.invoke(Lcom/google/gwt/dev/shell/BrowserChannelServer;Lcom/google/gwt/dev/shell/BrowserChannel$Value;I[Lcom/google/gwt/dev/shell/BrowserChannel$Value;)Lcom/google/gwt/dev/shell/BrowserChannel$SessionHandler$ExceptionOrReturnValue;
j  com.google.gwt.dev.shell.BrowserChannelServer.reactToMessages(Lcom/google/gwt/dev/shell/BrowserChannelServer$SessionHandlerServer;)V+92
j  com.google.gwt.dev.shell.BrowserChannelServer.processConnection()V+873
j  com.google.gwt.dev.shell.BrowserChannelServer.run()V+1
j  java.lang.Thread.run()V+11
v  ~StubRoutines::call_stub

---------------  P R O C E S S  ---------------

Java Threads: ( => current thread )
  0x00007f655c04d000 JavaThread "btpool0-10" [_thread_blocked, id=23645, stack(0x00007f6577701000,0x00007f6577802000)]
  0x00007f655c04b800 JavaThread "btpool0-9" [_thread_blocked, id=23644, stack(0x00007f6576427000,0x00007f6576528000)]
  0x00007f655c053000 JavaThread "btpool0-8" [_thread_blocked, id=23643, stack(0x00007f657672a000,0x00007f657682b000)]
=>0x00007f6548006800 JavaThread "Code server for app from Mozilla/5.0 (X11; Linux x86_64) AppleWebKit/536.5 (KHTML, like Gecko) Chrome/19.0.1084.56 Safari/536.5 on http://127.0.0.1:8888/App.html?gwt.codesvr=127.0.0.1:9997#ee @ A*+kv-D%l?/8^:y^" daemon [_thread_in_vm, id=23633, stack(0x00007f6576326000,0x00007f6576427000)]
  0x00007f655c04a000 JavaThread "btpool0-7" [_thread_blocked, id=23632, stack(0x00007f657682b000,0x00007f657692c000)]
  0x00007f6520540000 JavaThread "Java2D Disposer" daemon [_thread_blocked, id=23415, stack(0x00007f6575e07000,0x00007f6575f08000)]
  0x00007f6520534000 JavaThread "com.google.inject.internal.util.$Finalizer" daemon [_thread_blocked, id=23412, stack(0x00007f6576c05000,0x00007f6576d06000)]
  0x00007f65bc47e000 JavaThread "Timer-1" daemon [_thread_blocked, id=23397, stack(0x00007f6576a34000,0x00007f6576b35000)]
  0x00007f65bc3d2800 JavaThread "btpool0-1 - Acceptor0 SelectChannelConnector@127.0.0.1:8888" [_thread_in_native, id=23396, stack(0x00007f65774ff000,0x00007f6577600000)]
  0x00007f65bc3d5800 JavaThread "btpool0-0" [_thread_blocked, id=23395, stack(0x00007f65773fe000,0x00007f65774ff000)]
  0x00007f65bc244000 JavaThread "GC Daemon" daemon [_thread_blocked, id=23393, stack(0x00007f6576d06000,0x00007f6576e07000)]
  0x00007f655c032800 JavaThread "com.google.gwt.thirdparty.guava.common.base.internal.Finalizer" daemon [_thread_blocked, id=23390, stack(0x00007f6576e07000,0x00007f6576f08000)]
  0x00007f65bc1a0800 JavaThread "Code server listener" daemon [_thread_in_native, id=23387, stack(0x00007f6577123000,0x00007f6577224000)]
  0x00007f6550004000 JavaThread "Timer-0" daemon [_thread_blocked, id=23386, stack(0x00007f6577224000,0x00007f6577325000)]
  0x00007f65bc18d000 JavaThread "Thread-1" daemon [_thread_blocked, id=23383, stack(0x00007f6577600000,0x00007f6577701000)]
  0x00007f65bc0ab000 JavaThread "Low Memory Detector" daemon [_thread_blocked, id=23329, stack(0x00007f6577cfd000,0x00007f6577dfe000)]
  0x00007f65bc0a8800 JavaThread "C2 CompilerThread1" daemon [_thread_blocked, id=23328, stack(0x00007f6577dfe000,0x00007f6577eff000)]
  0x00007f65bc0a6000 JavaThread "C2 CompilerThread0" daemon [_thread_blocked, id=23327, stack(0x00007f6577eff000,0x00007f6578000000)]
  0x00007f6584001000 JavaThread "JDWP Command Reader" daemon [_thread_in_native, id=23324, stack(0x00007f65b4014000,0x00007f65b4115000)]
  0x00007f65bc0a3800 JavaThread "JDWP Event Helper Thread" daemon [_thread_blocked, id=23323, stack(0x00007f65b4115000,0x00007f65b4216000)]
  0x00007f65bc0a0000 JavaThread "JDWP Transport Listener: dt_socket" daemon [_thread_blocked, id=23320, stack(0x00007f65b4216000,0x00007f65b4317000)]
  0x00007f65bc093800 JavaThread "Signal Dispatcher" daemon [_thread_blocked, id=23318, stack(0x00007f65b441b000,0x00007f65b451c000)]
  0x00007f65bc078000 JavaThread "Finalizer" daemon [_thread_blocked, id=23316, stack(0x00007f65b451c000,0x00007f65b461d000)]
  0x00007f65bc076000 JavaThread "Reference Handler" daemon [_thread_blocked, id=23315, stack(0x00007f65b461d000,0x00007f65b471e000)]
  0x00007f65bc00a000 JavaThread "main" [_thread_blocked, id=23304, stack(0x00007f65c39d5000,0x00007f65c3ad6000)]

Other Threads:
  0x00007f65bc06f800 VMThread [stack: 0x00007f65b471e000,0x00007f65b481f000] [id=23314]
  0x00007f65bc0bd800 WatcherThread [stack: 0x00007f6577bfc000,0x00007f6577cfd000] [id=23330]

VM state:not at safepoint (normal execution)

VM Mutex/Monitor currently owned by a thread: None

Heap
 PSYoungGen      total 84352K, used 1592K [0x00000000f5560000, 0x00000000fa830000, 0x0000000100000000)
  eden space 84096K, 1% used [0x00000000f5560000,0x00000000f56ee2e8,0x00000000fa780000)
  from space 256K, 0% used [0x00000000fa780000,0x00000000fa780000,0x00000000fa7c0000)
  to   space 256K, 0% used [0x00000000fa7f0000,0x00000000fa7f0000,0x00000000fa830000)
 PSOldGen        total 349568K, used 158148K [0x00000000e0000000, 0x00000000f5560000, 0x00000000f5560000)
  object space 349568K, 45% used [0x00000000e0000000,0x00000000e9a710c8,0x00000000f5560000)
 PSPermGen       total 83968K, used 83967K [0x00000000dae00000, 0x00000000e0000000, 0x00000000e0000000)
  object space 83968K, 99% used [0x00000000dae00000,0x00000000dfffff88,0x00000000e0000000)

Code Cache  [0x00007f65c0220000, 0x00007f65c0ed0000, 0x00007f65c3220000)
 total_blobs=3128 nmethods=2694 adapters=392 free_code_cache=37257408 largest_free_block=78912

Dynamic libraries:
40000000-40009000 r-xp 00000000 08:02 667555                             /usr/java/jdk1.6.0_31/bin/java
40108000-4010a000 rwxp 00008000 08:02 667555                             /usr/java/jdk1.6.0_31/bin/java
40392000-403b3000 rwxp 00000000 00:00 0                                  [heap]
dae00000-e0000000 rwxp 00000000 00:00 0 
e0000000-f5560000 rwxp 00000000 00:00 0 
f5560000-fa830000 rwxp 00000000 00:00 0 
fa830000-100000000 ---p 00000000 00:00 0 
3810600000-3810620000 r-xp 00000000 08:02 544301                         /usr/lib64/ld-2.15.so
381081f000-3810820000 r-xp 0001f000 08:02 544301                         /usr/lib64/ld-2.15.so
3810820000-3810821000 rwxp 00020000 08:02 544301                         /usr/lib64/ld-2.15.so
3810821000-3810822000 rwxp 00000000 00:00 0 
3810a00000-3810bac000 r-xp 00000000 08:02 544302                         /usr/lib64/libc-2.15.so
3810bac000-3810dac000 ---p 001ac000 08:02 544302                         /usr/lib64/libc-2.15.so
3810dac000-3810db0000 r-xp 001ac000 08:02 544302                         /usr/lib64/libc-2.15.so
3810db0000-3810db2000 rwxp 001b0000 08:02 544302                         /usr/lib64/libc-2.15.so
3810db2000-3810db7000 rwxp 00000000 00:00 0 
3810e00000-3810e16000 r-xp 00000000 08:02 544303                         /usr/lib64/libpthread-2.15.so
3810e16000-3811016000 ---p 00016000 08:02 544303                         /usr/lib64/libpthread-2.15.so
3811016000-3811017000 r-xp 00016000 08:02 544303                         /usr/lib64/libpthread-2.15.so
3811017000-3811018000 rwxp 00017000 08:02 544303                         /usr/lib64/libpthread-2.15.so
3811018000-381101c000 rwxp 00000000 00:00 0 
3811200000-3811203000 r-xp 00000000 08:02 544307                         /usr/lib64/libdl-2.15.so
3811203000-3811402000 ---p 00003000 08:02 544307                         /usr/lib64/libdl-2.15.so
3811402000-3811403000 r-xp 00002000 08:02 544307                         /usr/lib64/libdl-2.15.so
3811403000-3811404000 rwxp 00003000 08:02 544307                         /usr/lib64/libdl-2.15.so
3811600000-3811607000 r-xp 00000000 08:02 527847                         /usr/lib64/librt-2.15.so
3811607000-3811806000 ---p 00007000 08:02 527847                         /usr/lib64/librt-2.15.so
3811806000-3811807000 r-xp 00006000 08:02 527847                         /usr/lib64/librt-2.15.so
3811807000-3811808000 rwxp 00007000 08:02 527847                         /usr/lib64/librt-2.15.so
3811a00000-3811afa000 r-xp 00000000 08:02 536865                         /usr/lib64/libm-2.15.so
3811afa000-3811cf9000 ---p 000fa000 08:02 536865                         /usr/lib64/libm-2.15.so
3811cf9000-3811cfa000 r-xp 000f9000 08:02 536865                         /usr/lib64/libm-2.15.so
3811cfa000-3811cfb000 rwxp 000fa000 08:02 536865                         /usr/lib64/libm-2.15.so
3812e00000-3812e16000 r-xp 00000000 08:02 544324                         /usr/lib64/libresolv-2.15.so
3812e16000-3813015000 ---p 00016000 08:02 544324                         /usr/lib64/libresolv-2.15.so
3813015000-3813016000 r-xp 00015000 08:02 544324                         /usr/lib64/libresolv-2.15.so
3813016000-3813017000 rwxp 00016000 08:02 544324                         /usr/lib64/libresolv-2.15.so
3813017000-3813019000 rwxp 00000000 00:00 0 
3814a00000-3814a02000 r-xp 00000000 08:02 527173                         /usr/lib64/libXau.so.6.0.0
3814a02000-3814c02000 ---p 00002000 08:02 527173                         /usr/lib64/libXau.so.6.0.0
3814c02000-3814c03000 r-xp 00002000 08:02 527173                         /usr/lib64/libXau.so.6.0.0
3814c03000-3814c04000 rwxp 00003000 08:02 527173                         /usr/lib64/libXau.so.6.0.0
3825200000-3825216000 r-xp 00000000 08:02 529845                         /usr/lib64/libnsl-2.15.so
3825216000-3825415000 ---p 00016000 08:02 529845                         /usr/lib64/libnsl-2.15.so
3825415000-3825416000 r-xp 00015000 08:02 529845                         /usr/lib64/libnsl-2.15.so
3825416000-3825417000 rwxp 00016000 08:02 529845                         /usr/lib64/libnsl-2.15.so
3825417000-3825419000 rwxp 00000000 00:00 0 
38a4e00000-38a4e1d000 r-xp 00000000 08:02 533231                         /usr/lib64/libxcb.so.1.1.0
38a4e1d000-38a501c000 ---p 0001d000 08:02 533231                         /usr/lib64/libxcb.so.1.1.0
38a501c000-38a501d000 r-xp 0001c000 08:02 533231                         /usr/lib64/libxcb.so.1.1.0
38a501d000-38a501e000 rwxp 0001d000 08:02 533231                         /usr/lib64/libxcb.so.1.1.0
38a5200000-38a5334000 r-xp 00000000 08:02 533232                         /usr/lib64/libX11.so.6.3.0
38a5334000-38a5534000 ---p 00134000 08:02 533232                         /usr/lib64/libX11.so.6.3.0
38a5534000-38a5535000 r-xp 00134000 08:02 533232                         /usr/lib64/libX11.so.6.3.0
38a5535000-38a553a000 rwxp 00135000 08:02 533232                         /usr/lib64/libX11.so.6.3.0
38a5600000-38a5610000 r-xp 00000000 08:02 533241                         /usr/lib64/libXext.so.6.4.0
38a5610000-38a5810000 ---p 00010000 08:02 533241                         /usr/lib64/libXext.so.6.4.0
38a5810000-38a5811000 r-xp 00010000 08:02 533241                         /usr/lib64/libXext.so.6.4.0
38a5811000-38a5812000 rwxp 00011000 08:02 533241                         /usr/lib64/libXext.so.6.4.0
38a6600000-38a660e000 r-xp 00000000 08:02 533243                         /usr/lib64/libXi.so.6.1.0
38a660e000-38a680d000 ---p 0000e000 08:02 533243                         /usr/lib64/libXi.so.6.1.0
38a680d000-38a680e000 r-xp 0000d000 08:02 533243                         /usr/lib64/libXi.so.6.1.0
38a680e000-38a680f000 rwxp 0000e000 08:02 533243                         /usr/lib64/libXi.so.6.1.0
38b0e00000-38b0e05000 r-xp 00000000 08:02 545333                         /usr/lib64/libXtst.so.6.1.0
38b0e05000-38b1004000 ---p 00005000 08:02 545333                         /usr/lib64/libXtst.so.6.1.0
38b1004000-38b1005000 r-xp 00004000 08:02 545333                         /usr/lib64/libXtst.so.6.1.0
38b1005000-38b1006000 rwxp 00005000 08:02 545333                         /usr/lib64/libXtst.so.6.1.0
7f6510000000-7f6510021000 rwxp 00000000 00:00 0 
7f6510021000-7f6514000000 ---p 00000000 00:00 0 
7f6518000000-7f6519124000 rwxp 00000000 00:00 0 
7f6519124000-7f651c000000 ---p 00000000 00:00 0 
7f651c000000-7f651c021000 rwxp 00000000 00:00 0 
7f651c021000-7f6520000000 ---p 00000000 00:00 0 
7f6520000000-7f6520d47000 rwxp 00000000 00:00 0 
7f6520d47000-7f6524000000 ---p 00000000 00:00 0 
7f6524000000-7f65254a2000 rwxp 00000000 00:00 0 
7f65254a2000-7f6528000000 ---p 00000000 00:00 0 
7f6528000000-7f652805a000 rwxp 00000000 00:00 0 
7f652805a000-7f652c000000 ---p 00000000 00:00 0 
7f652c000000-7f652c06d000 rwxp 00000000 00:00 0 
7f652c06d000-7f6530000000 ---p 00000000 00:00 0 
7f6530000000-7f653009d000 rwxp 00000000 00:00 0 
7f653009d000-7f6534000000 ---p 00000000 00:00 0 
7f6534000000-7f6534021000 rwxp 00000000 00:00 0 
7f6534021000-7f6538000000 ---p 00000000 00:00 0 
7f6538000000-7f6538021000 rwxp 00000000 00:00 0 
7f6538021000-7f653c000000 ---p 00000000 00:00 0 
7f653c000000-7f653c08d000 rwxp 00000000 00:00 0 
7f653c08d000-7f6540000000 ---p 00000000 00:00 0 
7f6540000000-7f6540021000 rwxp 00000000 00:00 0 
7f6540021000-7f6544000000 ---p 00000000 00:00 0 
7f6544000000-7f6544021000 rwxp 00000000 00:00 0 
7f6544021000-7f6548000000 ---p 00000000 00:00 0 
7f6548000000-7f6548022000 rwxp 00000000 00:00 0 
7f6548022000-7f654c000000 ---p 00000000 00:00 0 
7f654c000000-7f654c021000 rwxp 00000000 00:00 0 
7f654c021000-7f6550000000 ---p 00000000 00:00 0 
7f6550000000-7f6550107000 rwxp 00000000 00:00 0 
7f6550107000-7f6554000000 ---p 00000000 00:00 0 
7f6554000000-7f6554086000 rwxp 00000000 00:00 0 
7f6554086000-7f6558000000 ---p 00000000 00:00 0 
7f6558000000-7f6558021000 rwxp 00000000 00:00 0 
7f6558021000-7f655c000000 ---p 00000000 00:00 0 
7f655c000000-7f655c078000 rwxp 00000000 00:00 0 
7f655c078000-7f6560000000 ---p 00000000 00:00 0 
7f6560000000-7f6560021000 rwxp 00000000 00:00 0 
7f6560021000-7f6564000000 ---p 00000000 00:00 0 
7f6564000000-7f6564073000 rwxp 00000000 00:00 0 
7f6564073000-7f6568000000 ---p 00000000 00:00 0 
7f6568000000-7f656bffc000 rwxp 00000000 00:00 0 
7f656bffc000-7f656c000000 ---p 00000000 00:00 0 
7f656c000000-7f656c021000 rwxp 00000000 00:00 0 
7f656c021000-7f6570000000 ---p 00000000 00:00 0 
7f6570000000-7f6573fff000 rwxp 00000000 00:00 0 
7f6573fff000-7f6574000000 ---p 00000000 00:00 0 
7f6575c68000-7f6575ce1000 r-xp 00000000 08:02 1191871                    /usr/java/jdk1.6.0_31/jre/lib/amd64/libfontmanager.so
7f6575ce1000-7f6575de0000 ---p 00079000 08:02 1191871                    /usr/java/jdk1.6.0_31/jre/lib/amd64/libfontmanager.so
7f6575de0000-7f6575df5000 rwxp 00078000 08:02 1191871                    /usr/java/jdk1.6.0_31/jre/lib/amd64/libfontmanager.so
7f6575df5000-7f6575e07000 rwxp 00000000 00:00 0 
7f6575e07000-7f6575e0a000 ---p 00000000 00:00 0 
7f6575e0a000-7f6575f08000 rwxp 00000000 00:00 0                          [stack:23415]
7f6575f08000-7f6575f4a000 r-xp 00000000 08:02 1191899                    /usr/java/jdk1.6.0_31/jre/lib/amd64/xawt/libmawt.so
7f6575f4a000-7f6576049000 ---p 00042000 08:02 1191899                    /usr/java/jdk1.6.0_31/jre/lib/amd64/xawt/libmawt.so
7f6576049000-7f6576055000 rwxp 00041000 08:02 1191899                    /usr/java/jdk1.6.0_31/jre/lib/amd64/xawt/libmawt.so
7f6576055000-7f6576056000 rwxp 00000000 00:00 0 
7f6576056000-7f65760e8000 r-xp 00000000 08:02 1191889                    /usr/java/jdk1.6.0_31/jre/lib/amd64/libawt.so
7f65760e8000-7f65761e7000 ---p 00092000 08:02 1191889                    /usr/java/jdk1.6.0_31/jre/lib/amd64/libawt.so
7f65761e7000-7f6576201000 rwxp 00091000 08:02 1191889                    /usr/java/jdk1.6.0_31/jre/lib/amd64/libawt.so
7f6576201000-7f6576225000 rwxp 00000000 00:00 0 
7f6576225000-7f6576228000 ---p 00000000 00:00 0 
7f6576228000-7f6576326000 rwxp 00000000 00:00 0 
7f6576326000-7f6576329000 ---p 00000000 00:00 0 
7f6576329000-7f6576427000 rwxp 00000000 00:00 0                          [stack:23633]
7f6576427000-7f657642a000 ---p 00000000 00:00 0 
7f657642a000-7f6576528000 rwxp 00000000 00:00 0                          [stack:23644]
7f6576528000-7f657652b000 ---p 00000000 00:00 0 
7f657652b000-7f6576629000 rwxp 00000000 00:00 0 
7f6576629000-7f657662c000 ---p 00000000 00:00 0 
7f657662c000-7f657672a000 rwxp 00000000 00:00 0 
7f657672a000-7f657672d000 ---p 00000000 00:00 0 
7f657672d000-7f657682b000 rwxp 00000000 00:00 0                          [stack:23643]
7f657682b000-7f657682e000 ---p 00000000 00:00 0 
7f657682e000-7f657692c000 rwxp 00000000 00:00 0                          [stack:23632]
7f657692c000-7f6576933000 r-xp 00000000 08:02 1191860                    /usr/java/jdk1.6.0_31/jre/lib/amd64/libnio.so
7f6576933000-7f6576a32000 ---p 00007000 08:02 1191860                    /usr/java/jdk1.6.0_31/jre/lib/amd64/libnio.so
7f6576a32000-7f6576a34000 rwxp 00006000 08:02 1191860                    /usr/java/jdk1.6.0_31/jre/lib/amd64/libnio.so
7f6576a34000-7f6576a37000 ---p 00000000 00:00 0 
7f6576a37000-7f6576b35000 rwxp 00000000 00:00 0                          [stack:23397]
7f6576b35000-7f6576b39000 r-xs 0001d000 08:01 6950324                    /pedroigor/java/workspace/picketlink/picketlink-console/war/WEB-INF/lib/gin-1.5_past22.jar
7f6576b39000-7f6576b48000 r-xs 000c6000 08:01 6950292                    /pedroigor/java/workspace/picketlink/picketlink-console/war/WEB-INF/lib/freemarker-2.3.13.jar
7f6576b48000-7f6576b4a000 r-xs 00000000 08:01 6950322                    /pedroigor/java/workspace/picketlink/picketlink-console/war/WEB-INF/lib/aopalliance-1.0.jar
7f6576b4a000-7f6576b4b000 r-xs 00000000 08:01 6950321                    /pedroigor/java/workspace/picketlink/picketlink-console/war/WEB-INF/lib/javax.inject-1.jar
7f6576b4b000-7f6576b4d000 r-xs 00008000 08:01 6950323                    /pedroigor/java/workspace/picketlink/picketlink-console/war/WEB-INF/lib/guice-assistedinject-3.0.jar
7f6576b4d000-7f6576b69000 r-xs 00132000 08:01 6950285                    /pedroigor/java/workspace/picketlink/picketlink-console/war/WEB-INF/lib/jboss-as-console-1.3.1.Final-sources.jar
7f6576b69000-7f6576b92000 r-xs 00105000 08:01 6950290                    /pedroigor/java/workspace/picketlink/picketlink-console/war/WEB-INF/lib/widgets-1.3.0.Final.jar
7f6576b92000-7f6576b93000 r-xs 00002000 08:01 6950317                    /pedroigor/java/workspace/picketlink/picketlink-console/war/WEB-INF/lib/console-spi-1.3.1.Final-sources.jar
7f6576b93000-7f6576bf2000 r-xs 00357000 08:01 6950272                    /pedroigor/java/workspace/picketlink/picketlink-console/war/WEB-INF/lib/jboss-as-console-1.3.1.Final-export.jar
7f6576bf2000-7f6576bf6000 r-xs 00022000 08:01 6950319                    /pedroigor/java/workspace/picketlink/picketlink-console/war/WEB-INF/lib/gwt-log-3.1.3.jar
7f6576bf6000-7f6576c05000 r-xs 0009f000 08:01 6950320                    /pedroigor/java/workspace/picketlink/picketlink-console/war/WEB-INF/lib/guice-3.0.jar
7f6576c05000-7f6576c08000 ---p 00000000 00:00 0 
7f6576c08000-7f6576d06000 rwxp 00000000 00:00 0                          [stack:23412]
7f6576d06000-7f6576d09000 ---p 00000000 00:00 0 
7f6576d09000-7f6576e07000 rwxp 00000000 00:00 0                          [stack:23393]
7f6576e07000-7f6576e0a000 ---p 00000000 00:00 0 
7f6576e0a000-7f6576f08000 rwxp 00000000 00:00 0                          [stack:23390]
7f6576f08000-7f6576f0d000 r-xp 00000000 08:02 524101                     /usr/lib64/libnss_dns-2.15.so
7f6576f0d000-7f657710d000 ---p 00005000 08:02 524101                     /usr/lib64/libnss_dns-2.15.so
7f657710d000-7f657710e000 r-xp 00005000 08:02 524101                     /usr/lib64/libnss_dns-2.15.so
7f657710e000-7f657710f000 rwxp 00006000 08:02 524101                     /usr/lib64/libnss_dns-2.15.so
7f6577112000-7f6577119000 r-xs 00033000 08:01 6950318                    /pedroigor/java/workspace/picketlink/picketlink-console/war/WEB-INF/lib/gwt-visualization-1.1.1.jar
7f6577119000-7f657711a000 r-xs 00004000 08:01 6950291                    /pedroigor/java/workspace/picketlink/picketlink-console/war/WEB-INF/lib/console-spi-1.3.1.Final.jar
7f657711a000-7f6577120000 r-xs 00095000 08:02 1058448                    /usr/java/jdk1.6.0_31/jre/lib/jsse.jar
7f6577120000-7f6577123000 r-xs 00013000 08:02 1058457                    /usr/java/jdk1.6.0_31/jre/lib/jce.jar
7f6577123000-7f6577126000 ---p 00000000 00:00 0 
7f6577126000-7f6577224000 rwxp 00000000 00:00 0                          [stack:23387]
7f6577224000-7f6577227000 ---p 00000000 00:00 0 
7f6577227000-7f6577325000 rwxp 00000000 00:00 0                          [stack:23386]
7f6577325000-7f6577328000 r-xs 000cc000 08:02 1448519                    /usr/java/jdk1.6.0_31/jre/lib/ext/localedata.jar
7f6577328000-7f657732a000 r-xs 00001000 08:02 1448601                    /usr/java/jdk1.6.0_31/jre/lib/ext/dnsns.jar
7f657732a000-7f657732d000 r-xs 00027000 08:02 1448603                    /usr/java/jdk1.6.0_31/jre/lib/ext/sunjce_provider.jar
7f657732d000-7f65773fe000 r-xs 00a96000 08:01 5247231                    /pedroigor/java/.m2/repository/com/google/gwt/gwt-user/2.3.2-redhat/gwt-user-2.3.2-redhat.jar
7f65773fe000-7f6577401000 ---p 00000000 00:00 0 
7f6577401000-7f65774ff000 rwxp 00000000 00:00 0                          [stack:23395]
7f65774ff000-7f6577502000 ---p 00000000 00:00 0 
7f6577502000-7f6577600000 rwxp 00000000 00:00 0                          [stack:23396]
7f6577600000-7f6577603000 ---p 00000000 00:00 0 
7f6577603000-7f6577701000 rwxp 00000000 00:00 0                          [stack:23383]
7f6577701000-7f6577704000 ---p 00000000 00:00 0 
7f6577704000-7f6577833000 rwxp 00000000 00:00 0                          [stack:23645]
7f6577833000-7f6577846000 r-xp 00000000 08:02 1191847                    /usr/java/jdk1.6.0_31/jre/lib/amd64/libnet.so
7f6577846000-7f6577947000 ---p 00013000 08:02 1191847                    /usr/java/jdk1.6.0_31/jre/lib/amd64/libnet.so
7f6577947000-7f657794a000 rwxp 00014000 08:02 1191847                    /usr/java/jdk1.6.0_31/jre/lib/amd64/libnet.so
7f657794a000-7f6577978000 rwxp 00000000 00:00 0 
7f6577978000-7f6577ae8000 r-xs 0194b000 08:01 5247233                    /pedroigor/java/.m2/repository/com/google/gwt/gwt-dev/2.3.2-redhat/gwt-dev-2.3.2-redhat.jar
7f6577ae8000-7f6577b47000 r-xs 00463000 08:01 5247230                    /pedroigor/java/.m2/repository/com/google/gwt/gwt-servlet/2.3.2-redhat/gwt-servlet-2.3.2-redhat.jar
7f6577b47000-7f6577b48000 r-xs 00002000 08:01 6819115                    /pedroigor/java/.m2/repository/org/jboss/as/console-spi/1.3.1.Final/console-spi-1.3.1.Final-sources.jar
7f6577b48000-7f6577b57000 r-xs 000c6000 08:01 7209409                    /pedroigor/java/.m2/repository/org/freemarker/freemarker/2.3.13/freemarker-2.3.13.jar
7f6577b57000-7f6577b58000 r-xs 00004000 08:01 6819111                    /pedroigor/java/.m2/repository/org/jboss/as/console-spi/1.3.1.Final/console-spi-1.3.1.Final.jar
7f6577b58000-7f6577b81000 r-xs 00105000 08:01 6949363                    /pedroigor/java/.m2/repository/org/jboss/ballroom/widgets/1.3.0.Final/widgets-1.3.0.Final.jar
7f6577b81000-7f6577b9d000 r-xs 00132000 08:01 6426731                    /pedroigor/java/.m2/repository/org/jboss/as/jboss-as-console/1.3.1.Final/jboss-as-console-1.3.1.Final-sources.jar
7f6577b9d000-7f6577bfc000 r-xs 00357000 08:01 6426730                    /pedroigor/java/.m2/repository/org/jboss/as/jboss-as-console/1.3.1.Final/jboss-as-console-1.3.1.Final-export.jar
7f6577bfc000-7f6577bfd000 ---p 00000000 00:00 0 
7f6577bfd000-7f6577cfd000 rwxp 00000000 00:00 0                          [stack:23330]
7f6577cfd000-7f6577d00000 ---p 00000000 00:00 0 
7f6577d00000-7f6577dfe000 rwxp 00000000 00:00 0                          [stack:23329]
7f6577dfe000-7f6577e01000 ---p 00000000 00:00 0 
7f6577e01000-7f6577eff000 rwxp 00000000 00:00 0                          [stack:23328]
7f6577eff000-7f6577f02000 ---p 00000000 00:00 0 
7f6577f02000-7f6578000000 rwxp 00000000 00:00 0                          [stack:23327]
7f6578000000-7f6578021000 rwxp 00000000 00:00 0 
7f6578021000-7f657c000000 ---p 00000000 00:00 0 
7f657c000000-7f657c021000 rwxp 00000000 00:00 0 
7f657c021000-7f6580000000 ---p 00000000 00:00 0 
7f6580000000-7f6580021000 rwxp 00000000 00:00 0 
7f6580021000-7f6584000000 ---p 00000000 00:00 0 
7f6584000000-7f65844e8000 rwxp 00000000 00:00 0 
7f65844e8000-7f6588000000 ---p 00000000 00:00 0 
7f6588000000-7f6588021000 rwxp 00000000 00:00 0 
7f6588021000-7f658c000000 ---p 00000000 00:00 0 
7f658c000000-7f658c021000 rwxp 00000000 00:00 0 
7f658c021000-7f6590000000 ---p 00000000 00:00 0 
7f6590000000-7f6590021000 rwxp 00000000 00:00 0 
7f6590021000-7f6594000000 ---p 00000000 00:00 0 
7f6594000000-7f6594658000 rwxp 00000000 00:00 0 
7f6594658000-7f6598000000 ---p 00000000 00:00 0 
7f6598000000-7f6598021000 rwxp 00000000 00:00 0 
7f6598021000-7f659c000000 ---p 00000000 00:00 0 
7f659c000000-7f659c021000 rwxp 00000000 00:00 0 
7f659c021000-7f65a0000000 ---p 00000000 00:00 0 
7f65a0000000-7f65a0023000 rwxp 00000000 00:00 0 
7f65a0023000-7f65a4000000 ---p 00000000 00:00 0 
7f65a4000000-7f65a4021000 rwxp 00000000 00:00 0 
7f65a4021000-7f65a8000000 ---p 00000000 00:00 0 
7f65a8000000-7f65a8026000 rwxp 00000000 00:00 0 
7f65a8026000-7f65ac000000 ---p 00000000 00:00 0 
7f65ac000000-7f65ac025000 rwxp 00000000 00:00 0 
7f65ac025000-7f65b0000000 ---p 00000000 00:00 0 
7f65b0000000-7f65b0021000 rwxp 00000000 00:00 0 
7f65b0021000-7f65b4000000 ---p 00000000 00:00 0 
7f65b4001000-7f65b4005000 r-xs 00035000 08:02 1448567                    /usr/java/jdk1.6.0_31/jre/lib/ext/sunpkcs11.jar
7f65b4005000-7f65b4014000 r-xs 0009f000 08:01 4460075                    /pedroigor/java/.m2/repository/com/google/inject/guice/3.0/guice-3.0.jar
7f65b4014000-7f65b4017000 ---p 00000000 00:00 0 
7f65b4017000-7f65b4115000 rwxp 00000000 00:00 0                          [stack:23324]
7f65b4115000-7f65b4118000 ---p 00000000 00:00 0 
7f65b4118000-7f65b4216000 rwxp 00000000 00:00 0                          [stack:23323]
7f65b4216000-7f65b4219000 ---p 00000000 00:00 0 
7f65b4219000-7f65b4317000 rwxp 00000000 00:00 0                          [stack:23320]
7f65b4317000-7f65b431a000 r-xp 00000000 08:02 1191881                    /usr/java/jdk1.6.0_31/jre/lib/amd64/libdt_socket.so
7f65b431a000-7f65b4419000 ---p 00003000 08:02 1191881                    /usr/java/jdk1.6.0_31/jre/lib/amd64/libdt_socket.so
7f65b4419000-7f65b441b000 rwxp 00002000 08:02 1191881                    /usr/java/jdk1.6.0_31/jre/lib/amd64/libdt_socket.so
7f65b441b000-7f65b441e000 ---p 00000000 00:00 0 
7f65b441e000-7f65b451c000 rwxp 00000000 00:00 0                          [stack:23318]
7f65b451c000-7f65b451f000 ---p 00000000 00:00 0 
7f65b451f000-7f65b461d000 rwxp 00000000 00:00 0                          [stack:23316]
7f65b461d000-7f65b4620000 ---p 00000000 00:00 0 
7f65b4620000-7f65b471e000 rwxp 00000000 00:00 0                          [stack:23315]
7f65b471e000-7f65b471f000 ---p 00000000 00:00 0 
7f65b471f000-7f65b515c000 rwxp 00000000 00:00 0                          [stack:23314]
7f65b515c000-7f65b52f8000 r-xs 030c2000 08:02 1058459                    /usr/java/jdk1.6.0_31/jre/lib/rt.jar
7f65b52f8000-7f65b5320000 rwxp 00000000 00:00 0 
7f65b5320000-7f65b5321000 ---p 00000000 00:00 0 
7f65b5321000-7f65b5421000 rwxp 00000000 00:00 0                          [stack:23313]
7f65b5421000-7f65b5422000 ---p 00000000 00:00 0 
7f65b5422000-7f65b5522000 rwxp 00000000 00:00 0                          [stack:23312]
7f65b5522000-7f65b5523000 ---p 00000000 00:00 0 
7f65b5523000-7f65b5623000 rwxp 00000000 00:00 0                          [stack:23311]
7f65b5623000-7f65b5624000 ---p 00000000 00:00 0 
7f65b5624000-7f65b5724000 rwxp 00000000 00:00 0                          [stack:23310]
7f65b5724000-7f65b5725000 ---p 00000000 00:00 0 
7f65b5725000-7f65b5825000 rwxp 00000000 00:00 0                          [stack:23309]
7f65b5825000-7f65b5826000 ---p 00000000 00:00 0 
7f65b5826000-7f65b5926000 rwxp 00000000 00:00 0                          [stack:23308]
7f65b5926000-7f65b5927000 ---p 00000000 00:00 0 
7f65b5927000-7f65b5a27000 rwxp 00000000 00:00 0                          [stack:23307]
7f65b5a27000-7f65b5a28000 ---p 00000000 00:00 0 
7f65b5a28000-7f65b5bd3000 rwxp 00000000 00:00 0                          [stack:23306]
7f65b5bd3000-7f65bc000000 r-xp 00000000 08:02 524389                     /usr/lib/locale/locale-archive
7f65bc000000-7f65bc4a8000 rwxp 00000000 00:00 0 
7f65bc4a8000-7f65c0000000 ---p 00000000 00:00 0 
7f65c0001000-7f65c0007000 r-xs 00034000 08:01 2099708                    /pedroigor/java/.m2/repository/junit/junit/4.8.1/junit-4.8.1.jar
7f65c0007000-7f65c000b000 r-xs 0001d000 08:01 5116647                    /pedroigor/java/.m2/repository/com/google/gwt/inject/gin/1.5_past22/gin-1.5_past22.jar
7f65c000b000-7f65c000d000 r-xs 00008000 08:01 4984976                    /pedroigor/java/.m2/repository/com/google/inject/extensions/guice-assistedinject/3.0/guice-assistedinject-3.0.jar
7f65c000d000-7f65c0036000 rwxp 00000000 00:00 0 
7f65c0036000-7f65c005f000 rwxp 00000000 00:00 0 
7f65c005f000-7f65c0109000 rwxp 00000000 00:00 0 
7f65c0109000-7f65c0134000 rwxp 00000000 00:00 0 
7f65c0134000-7f65c015f000 ---p 00000000 00:00 0 
7f65c015f000-7f65c0193000 rwxp 00000000 00:00 0 
7f65c0193000-7f65c0220000 rwxp 00000000 00:00 0 
7f65c0220000-7f65c0ed0000 rwxp 00000000 00:00 0 
7f65c0ed0000-7f65c3220000 rwxp 00000000 00:00 0 
7f65c3220000-7f65c322e000 r-xp 00000000 08:02 1191875                    /usr/java/jdk1.6.0_31/jre/lib/amd64/libzip.so
7f65c322e000-7f65c3330000 ---p 0000e000 08:02 1191875                    /usr/java/jdk1.6.0_31/jre/lib/amd64/libzip.so
7f65c3330000-7f65c3333000 rwxp 00010000 08:02 1191875                    /usr/java/jdk1.6.0_31/jre/lib/amd64/libzip.so
7f65c3333000-7f65c3334000 rwxp 00000000 00:00 0 
7f65c3334000-7f65c3340000 r-xp 00000000 08:02 524103                     /usr/lib64/libnss_files-2.15.so
7f65c3340000-7f65c353f000 ---p 0000c000 08:02 524103                     /usr/lib64/libnss_files-2.15.so
7f65c353f000-7f65c3540000 r-xp 0000b000 08:02 524103                     /usr/lib64/libnss_files-2.15.so
7f65c3540000-7f65c3541000 rwxp 0000c000 08:02 524103                     /usr/lib64/libnss_files-2.15.so
7f65c3542000-7f65c3544000 r-xs 00000000 08:01 4590678                    /pedroigor/java/.m2/repository/aopalliance/aopalliance/1.0/aopalliance-1.0.jar
7f65c3544000-7f65c3545000 r-xs 00000000 08:01 1313461                    /pedroigor/java/.m2/repository/javax/inject/javax.inject/1/javax.inject-1.jar
7f65c3545000-7f65c3547000 r-xs 00002000 08:01 1706075                    /pedroigor/java/.m2/repository/com/gwtplatform/gwtp-clients-common/0.6/gwtp-clients-common-0.6.jar
7f65c3547000-7f65c354f000 r-xs 00044000 08:01 1706085                    /pedroigor/java/.m2/repository/com/gwtplatform/gwtp-mvp-client/0.6/gwtp-mvp-client-0.6.jar
7f65c354f000-7f65c3553000 r-xs 00022000 08:01 4852381                    /pedroigor/java/.m2/repository/com/google/code/gwt-log/gwt-log/3.1.3/gwt-log-3.1.3.jar
7f65c3553000-7f65c3555000 r-xs 0000e000 08:01 1317590                    /pedroigor/java/.m2/repository/javax/validation/validation-api/1.0.0.GA/validation-api-1.0.0.GA-sources.jar
7f65c3555000-7f65c3558000 r-xp 00000000 08:02 1191854                    /usr/java/jdk1.6.0_31/jre/lib/amd64/libnpt.so
7f65c3558000-7f65c3657000 ---p 00003000 08:02 1191854                    /usr/java/jdk1.6.0_31/jre/lib/amd64/libnpt.so
7f65c3657000-7f65c3658000 rwxp 00002000 08:02 1191854                    /usr/java/jdk1.6.0_31/jre/lib/amd64/libnpt.so
7f65c3658000-7f65c368e000 r-xp 00000000 08:02 1191862                    /usr/java/jdk1.6.0_31/jre/lib/amd64/libjdwp.so
7f65c368e000-7f65c378d000 ---p 00036000 08:02 1191862                    /usr/java/jdk1.6.0_31/jre/lib/amd64/libjdwp.so
7f65c378d000-7f65c3797000 rwxp 00035000 08:02 1191862                    /usr/java/jdk1.6.0_31/jre/lib/amd64/libjdwp.so
7f65c3797000-7f65c37c0000 r-xp 00000000 08:02 1191861                    /usr/java/jdk1.6.0_31/jre/lib/amd64/libjava.so
7f65c37c0000-7f65c38bf000 ---p 00029000 08:02 1191861                    /usr/java/jdk1.6.0_31/jre/lib/amd64/libjava.so
7f65c38bf000-7f65c38c6000 rwxp 00028000 08:02 1191861                    /usr/java/jdk1.6.0_31/jre/lib/amd64/libjava.so
7f65c38c6000-7f65c38d3000 r-xp 00000000 08:02 1191880                    /usr/java/jdk1.6.0_31/jre/lib/amd64/libverify.so
7f65c38d3000-7f65c39d2000 ---p 0000d000 08:02 1191880                    /usr/java/jdk1.6.0_31/jre/lib/amd64/libverify.so
7f65c39d2000-7f65c39d5000 rwxp 0000c000 08:02 1191880                    /usr/java/jdk1.6.0_31/jre/lib/amd64/libverify.so
7f65c39d5000-7f65c39d8000 ---p 00000000 00:00 0 
7f65c39d8000-7f65c3ad6000 rwxp 00000000 00:00 0                          [stack:23304]
7f65c3ad6000-7f65c43f0000 r-xp 00000000 08:02 1191853                    /usr/java/jdk1.6.0_31/jre/lib/amd64/server/libjvm.so
7f65c43f0000-7f65c44f2000 ---p 0091a000 08:02 1191853                    /usr/java/jdk1.6.0_31/jre/lib/amd64/server/libjvm.so
7f65c44f2000-7f65c46a7000 rwxp 0091c000 08:02 1191853                    /usr/java/jdk1.6.0_31/jre/lib/amd64/server/libjvm.so
7f65c46a7000-7f65c46e4000 rwxp 00000000 00:00 0 
7f65c46e4000-7f65c46eb000 r-xp 00000000 08:02 1191868                    /usr/java/jdk1.6.0_31/jre/lib/amd64/jli/libjli.so
7f65c46eb000-7f65c47ec000 ---p 00007000 08:02 1191868                    /usr/java/jdk1.6.0_31/jre/lib/amd64/jli/libjli.so
7f65c47ec000-7f65c47ee000 rwxp 00008000 08:02 1191868                    /usr/java/jdk1.6.0_31/jre/lib/amd64/jli/libjli.so
7f65c47ee000-7f65c47ef000 rwxp 00000000 00:00 0 
7f65c47ef000-7f65c47f2000 r-xs 00009000 08:01 1313425                    /pedroigor/java/.m2/repository/javax/validation/validation-api/1.0.0.GA/validation-api-1.0.0.GA.jar
7f65c47f2000-7f65c47f9000 r-xs 00033000 08:01 5247232                    /pedroigor/java/.m2/repository/com/google/code/gwt-visualization/1.1.1/gwt-visualization-1.1.1.jar
7f65c47f9000-7f65c4801000 rwxs 00000000 08:02 1449100                    /tmp/hsperfdata_pedroigor/23299
7f65c4801000-7f65c4802000 rwxp 00000000 00:00 0 
7f65c4802000-7f65c4803000 r-xp 00000000 00:00 0 
7f65c4803000-7f65c4804000 rwxp 00000000 00:00 0 
7fff3a609000-7fff3a62b000 rwxp 00000000 00:00 0                          [stack]
7fff3a7e2000-7fff3a7e3000 r-xp 00000000 00:00 0                          [vdso]
ffffffffff600000-ffffffffff601000 r-xp 00000000 00:00 0                  [vsyscall]

VM Arguments:
jvm_args: -agentlib:jdwp=transport=dt_socket,suspend=y,address=localhost:35278 -Xmx512m -Dfile.encoding=UTF-8 
java_command: com.google.gwt.dev.DevMode -remoteUI 34334:24877555136077 -startupUrl App.html -logLevel INFO -port 8888 -codeServerPort 9997 -war /pedroigor/java/workspace/picketlink/picketlink-console/war org.picketlink.as.console.Development
Launcher Type: SUN_STANDARD

Environment Variables:
PATH=/usr/lib64/qt-3.3/bin:/usr/local/bin:/usr/bin:/bin:/usr/local/sbin:/usr/sbin:/pedroigor/java/tools/apache-maven-3.0.4/bin/:/home/pedroigor/.local/bin:/home/pedroigor/bin
USERNAME=pedroigor
LD_LIBRARY_PATH=/usr/java/jdk1.6.0_31/jre/lib/amd64/server:/usr/java/jdk1.6.0_31/jre/lib/amd64:/usr/java/jdk1.6.0_31/jre/../lib/amd64
SHELL=/bin/bash
DISPLAY=:0.0

Signal Handlers:
SIGSEGV: [libjvm.so+0x85f7d0], sa_mask[0]=0x7ffbfeff, sa_flags=0x10000004
SIGBUS: [libjvm.so+0x85f7d0], sa_mask[0]=0x7ffbfeff, sa_flags=0x10000004
SIGFPE: [libjvm.so+0x70e3e0], sa_mask[0]=0x7ffbfeff, sa_flags=0x10000004
SIGPIPE: [libjvm.so+0x70e3e0], sa_mask[0]=0x7ffbfeff, sa_flags=0x10000004
SIGXFSZ: [libjvm.so+0x70e3e0], sa_mask[0]=0x7ffbfeff, sa_flags=0x10000004
SIGILL: [libjvm.so+0x70e3e0], sa_mask[0]=0x7ffbfeff, sa_flags=0x10000004
SIGUSR1: SIG_DFL, sa_mask[0]=0x00000000, sa_flags=0x00000000
SIGUSR2: [libjvm.so+0x711210], sa_mask[0]=0x00000004, sa_flags=0x10000004
SIGHUP: [libjvm.so+0x710e10], sa_mask[0]=0x7ffbfeff, sa_flags=0x10000004
SIGINT: [libjvm.so+0x710e10], sa_mask[0]=0x7ffbfeff, sa_flags=0x10000004
SIGTERM: [libjvm.so+0x710e10], sa_mask[0]=0x7ffbfeff, sa_flags=0x10000004
SIGQUIT: [libjvm.so+0x710e10], sa_mask[0]=0x7ffbfeff, sa_flags=0x10000004


---------------  S Y S T E M  ---------------

OS:Fedora release 17 (Beefy Miracle)

uname:Linux 3.4.2-4.fc17.x86_64 #1 SMP Thu Jun 14 22:22:05 UTC 2012 x86_64
libc:glibc 2.15 NPTL 2.15 
rlimit: STACK 8192k, CORE 0k, NPROC 1024, NOFILE 4096, AS infinity
load average:1.88 1.28 1.07

/proc/meminfo:
MemTotal:        8059232 kB
MemFree:          198272 kB
Buffers:          385288 kB
Cached:          2622792 kB
SwapCached:            0 kB
Active:          4767380 kB
Inactive:        2629624 kB
Active(anon):    3605804 kB
Inactive(anon):  1084360 kB
Active(file):    1161576 kB
Inactive(file):  1545264 kB
Unevictable:          48 kB
Mlocked:              48 kB
SwapTotal:      15609852 kB
SwapFree:       15572060 kB
Dirty:               464 kB
Writeback:             0 kB
AnonPages:       4389352 kB
Mapped:           216340 kB
Shmem:            300860 kB
Slab:             312936 kB
SReclaimable:     248692 kB
SUnreclaim:        64244 kB
KernelStack:        4608 kB
PageTables:        47452 kB
NFS_Unstable:          0 kB
Bounce:                0 kB
WritebackTmp:          0 kB
CommitLimit:    19639468 kB
Committed_AS:    6807344 kB
VmallocTotal:   34359738367 kB
VmallocUsed:      423888 kB
VmallocChunk:   34359186284 kB
HardwareCorrupted:     0 kB
AnonHugePages:   3338240 kB
HugePages_Total:       0
HugePages_Free:        0
HugePages_Rsvd:        0
HugePages_Surp:        0
Hugepagesize:       2048 kB
DirectMap4k:       81920 kB
DirectMap2M:     8198144 kB


CPU:total 8 (4 cores per cpu, 2 threads per core) family 6 model 42 stepping 7, cmov, cx8, fxsr, mmx, sse, sse2, sse3, ssse3, sse4.1, sse4.2, popcnt, ht

/proc/cpuinfo:
processor	: 0
vendor_id	: GenuineIntel
cpu family	: 6
model		: 42
model name	: Intel(R) Core(TM) i7-2760QM CPU @ 2.40GHz
stepping	: 7
microcode	: 0x28
cpu MHz		: 1400.000
cache size	: 6144 KB
physical id	: 0
siblings	: 8
core id		: 0
cpu cores	: 4
apicid		: 0
initial apicid	: 0
fpu		: yes
fpu_exception	: yes
cpuid level	: 13
wp		: yes
flags		: fpu vme de pse tsc msr pae mce cx8 apic sep mtrr pge mca cmov pat pse36 clflush dts acpi mmx fxsr sse sse2 ss ht tm pbe syscall nx rdtscp lm constant_tsc arch_perfmon pebs bts nopl xtopology nonstop_tsc aperfmperf pni pclmulqdq dtes64 monitor ds_cpl vmx smx est tm2 ssse3 cx16 xtpr pdcm pcid sse4_1 sse4_2 x2apic popcnt tsc_deadline_timer aes xsave avx lahf_lm ida arat epb xsaveopt pln pts dts tpr_shadow vnmi flexpriority ept vpid
bogomips	: 4784.69
clflush size	: 64
cache_alignment	: 64
address sizes	: 36 bits physical, 48 bits virtual
power management:

processor	: 1
vendor_id	: GenuineIntel
cpu family	: 6
model		: 42
model name	: Intel(R) Core(TM) i7-2760QM CPU @ 2.40GHz
stepping	: 7
microcode	: 0x28
cpu MHz		: 800.000
cache size	: 6144 KB
physical id	: 0
siblings	: 8
core id		: 0
cpu cores	: 4
apicid		: 1
initial apicid	: 1
fpu		: yes
fpu_exception	: yes
cpuid level	: 13
wp		: yes
flags		: fpu vme de pse tsc msr pae mce cx8 apic sep mtrr pge mca cmov pat pse36 clflush dts acpi mmx fxsr sse sse2 ss ht tm pbe syscall nx rdtscp lm constant_tsc arch_perfmon pebs bts nopl xtopology nonstop_tsc aperfmperf pni pclmulqdq dtes64 monitor ds_cpl vmx smx est tm2 ssse3 cx16 xtpr pdcm pcid sse4_1 sse4_2 x2apic popcnt tsc_deadline_timer aes xsave avx lahf_lm ida arat epb xsaveopt pln pts dts tpr_shadow vnmi flexpriority ept vpid
bogomips	: 4784.69
clflush size	: 64
cache_alignment	: 64
address sizes	: 36 bits physical, 48 bits virtual
power management:

processor	: 2
vendor_id	: GenuineIntel
cpu family	: 6
model		: 42
model name	: Intel(R) Core(TM) i7-2760QM CPU @ 2.40GHz
stepping	: 7
microcode	: 0x28
cpu MHz		: 800.000
cache size	: 6144 KB
physical id	: 0
siblings	: 8
core id		: 1
cpu cores	: 4
apicid		: 2
initial apicid	: 2
fpu		: yes
fpu_exception	: yes
cpuid level	: 13
wp		: yes
flags		: fpu vme de pse tsc msr pae mce cx8 apic sep mtrr pge mca cmov pat pse36 clflush dts acpi mmx fxsr sse sse2 ss ht tm pbe syscall nx rdtscp lm constant_tsc arch_perfmon pebs bts nopl xtopology nonstop_tsc aperfmperf pni pclmulqdq dtes64 monitor ds_cpl vmx smx est tm2 ssse3 cx16 xtpr pdcm pcid sse4_1 sse4_2 x2apic popcnt tsc_deadline_timer aes xsave avx lahf_lm ida arat epb xsaveopt pln pts dts tpr_shadow vnmi flexpriority ept vpid
bogomips	: 4784.69
clflush size	: 64
cache_alignment	: 64
address sizes	: 36 bits physical, 48 bits virtual
power management:

processor	: 3
vendor_id	: GenuineIntel
cpu family	: 6
model		: 42
model name	: Intel(R) Core(TM) i7-2760QM CPU @ 2.40GHz
stepping	: 7
microcode	: 0x28
cpu MHz		: 800.000
cache size	: 6144 KB
physical id	: 0
siblings	: 8
core id		: 1
cpu cores	: 4
apicid		: 3
initial apicid	: 3
fpu		: yes
fpu_exception	: yes
cpuid level	: 13
wp		: yes
flags		: fpu vme de pse tsc msr pae mce cx8 apic sep mtrr pge mca cmov pat pse36 clflush dts acpi mmx fxsr sse sse2 ss ht tm pbe syscall nx rdtscp lm constant_tsc arch_perfmon pebs bts nopl xtopology nonstop_tsc aperfmperf pni pclmulqdq dtes64 monitor ds_cpl vmx smx est tm2 ssse3 cx16 xtpr pdcm pcid sse4_1 sse4_2 x2apic popcnt tsc_deadline_timer aes xsave avx lahf_lm ida arat epb xsaveopt pln pts dts tpr_shadow vnmi flexpriority ept vpid
bogomips	: 4784.69
clflush size	: 64
cache_alignment	: 64
address sizes	: 36 bits physical, 48 bits virtual
power management:

processor	: 4
vendor_id	: GenuineIntel
cpu family	: 6
model		: 42
model name	: Intel(R) Core(TM) i7-2760QM CPU @ 2.40GHz
stepping	: 7
microcode	: 0x28
cpu MHz		: 2401.000
cache size	: 6144 KB
physical id	: 0
siblings	: 8
core id		: 2
cpu cores	: 4
apicid		: 4
initial apicid	: 4
fpu		: yes
fpu_exception	: yes
cpuid level	: 13
wp		: yes
flags		: fpu vme de pse tsc msr pae mce cx8 apic sep mtrr pge mca cmov pat pse36 clflush dts acpi mmx fxsr sse sse2 ss ht tm pbe syscall nx rdtscp lm constant_tsc arch_perfmon pebs bts nopl xtopology nonstop_tsc aperfmperf pni pclmulqdq dtes64 monitor ds_cpl vmx smx est tm2 ssse3 cx16 xtpr pdcm pcid sse4_1 sse4_2 x2apic popcnt tsc_deadline_timer aes xsave avx lahf_lm ida arat epb xsaveopt pln pts dts tpr_shadow vnmi flexpriority ept vpid
bogomips	: 4784.69
clflush size	: 64
cache_alignment	: 64
address sizes	: 36 bits physical, 48 bits virtual
power management:

processor	: 5
vendor_id	: GenuineIntel
cpu family	: 6
model		: 42
model name	: Intel(R) Core(TM) i7-2760QM CPU @ 2.40GHz
stepping	: 7
microcode	: 0x28
cpu MHz		: 800.000
cache size	: 6144 KB
physical id	: 0
siblings	: 8
core id		: 2
cpu cores	: 4
apicid		: 5
initial apicid	: 5
fpu		: yes
fpu_exception	: yes
cpuid level	: 13
wp		: yes
flags		: fpu vme de pse tsc msr pae mce cx8 apic sep mtrr pge mca cmov pat pse36 clflush dts acpi mmx fxsr sse sse2 ss ht tm pbe syscall nx rdtscp lm constant_tsc arch_perfmon pebs bts nopl xtopology nonstop_tsc aperfmperf pni pclmulqdq dtes64 monitor ds_cpl vmx smx est tm2 ssse3 cx16 xtpr pdcm pcid sse4_1 sse4_2 x2apic popcnt tsc_deadline_timer aes xsave avx lahf_lm ida arat epb xsaveopt pln pts dts tpr_shadow vnmi flexpriority ept vpid
bogomips	: 4784.69
clflush size	: 64
cache_alignment	: 64
address sizes	: 36 bits physical, 48 bits virtual
power management:

processor	: 6
vendor_id	: GenuineIntel
cpu family	: 6
model		: 42
model name	: Intel(R) Core(TM) i7-2760QM CPU @ 2.40GHz
stepping	: 7
microcode	: 0x28
cpu MHz		: 800.000
cache size	: 6144 KB
physical id	: 0
siblings	: 8
core id		: 3
cpu cores	: 4
apicid		: 6
initial apicid	: 6
fpu		: yes
fpu_exception	: yes
cpuid level	: 13
wp		: yes
flags		: fpu vme de pse tsc msr pae mce cx8 apic sep mtrr pge mca cmov pat pse36 clflush dts acpi mmx fxsr sse sse2 ss ht tm pbe syscall nx rdtscp lm constant_tsc arch_perfmon pebs bts nopl xtopology nonstop_tsc aperfmperf pni pclmulqdq dtes64 monitor ds_cpl vmx smx est tm2 ssse3 cx16 xtpr pdcm pcid sse4_1 sse4_2 x2apic popcnt tsc_deadline_timer aes xsave avx lahf_lm ida arat epb xsaveopt pln pts dts tpr_shadow vnmi flexpriority ept vpid
bogomips	: 4784.69
clflush size	: 64
cache_alignment	: 64
address sizes	: 36 bits physical, 48 bits virtual
power management:

processor	: 7
vendor_id	: GenuineIntel
cpu family	: 6
model		: 42
model name	: Intel(R) Core(TM) i7-2760QM CPU @ 2.40GHz
stepping	: 7
microcode	: 0x28
cpu MHz		: 2401.000
cache size	: 6144 KB
physical id	: 0
siblings	: 8
core id		: 3
cpu cores	: 4
apicid		: 7
initial apicid	: 7
fpu		: yes
fpu_exception	: yes
cpuid level	: 13
wp		: yes
flags		: fpu vme de pse tsc msr pae mce cx8 apic sep mtrr pge mca cmov pat pse36 clflush dts acpi mmx fxsr sse sse2 ss ht tm pbe syscall nx rdtscp lm constant_tsc arch_perfmon pebs bts nopl xtopology nonstop_tsc aperfmperf pni pclmulqdq dtes64 monitor ds_cpl vmx smx est tm2 ssse3 cx16 xtpr pdcm pcid sse4_1 sse4_2 x2apic popcnt tsc_deadline_timer aes xsave avx lahf_lm ida arat epb xsaveopt pln pts dts tpr_shadow vnmi flexpriority ept vpid
bogomips	: 4784.69
clflush size	: 64
cache_alignment	: 64
address sizes	: 36 bits physical, 48 bits virtual
power management:



Memory: 4k page, physical 8059232k(198272k free), swap 15609852k(15572060k free)

vm_info: Java HotSpot(TM) 64-Bit Server VM (20.6-b01) for linux-amd64 JRE (1.6.0_31-b04), built on Jan 20 2012 10:18:50 by "java_re" with gcc 3.2.2 (SuSE Linux)

time: Tue Jun 19 17:04:01 2012
elapsed time: 589 seconds

